<?xml version="1.0" encoding="UTF-8"?>
<!-- Generated by org.testng.reporters.JUnitXMLReporter -->
<testsuite ignored="1" hostname="LAPTOP-6RN8P8R2" failures="0" tests="3" name="Test" time="13.923" errors="0" timestamp="02 Mar 2022 09:36:21 GMT">
  <testcase classname="Day_05.TestNG1" name="testcase1" time="0.013"/>
  <testcase classname="Day_05.TestNG1" name="testcase2" time="0.006"/>
  <testcase classname="Day_05.TestNG2" name="login" time="3.706"/>
  <testcase classname="Day_05.TestNG2" name="flightSearch" time="0.0">
    <ignored/>
  </testcase> <!-- flightSearch -->
</testsuite> <!-- Test -->
